<?xml version="1.0" encoding="UTF-8"?>
<!-- Generated by org.testng.reporters.JUnitReportReporter -->
<testsuite skipped="0" hostname="TL1061" name="com.servicenow.testcases.TC_002UpdateIncident" tests="1" failures="0" timestamp="2023-10-19T14:15:22 IST" time="78.970" errors="0">
  <testcase name="runUpdateIncident" time="78.970" classname="com.servicenow.testcases.TC_002UpdateIncident"/>
  <system-out/>
</testsuite> <!-- com.servicenow.testcases.TC_002UpdateIncident -->
